This is pdfTeX, Version 3.14159265-2.6-1.40.20 (TeX Live 2019/W32TeX) (preloaded format=pdflatex 2020.4.5)  14 MAY 2020 16:18
entering extended mode
 restricted \write18 enabled.
 %&-line parsing enabled.
**Tutorial8.tex
(./Tutorial8.tex
LaTeX2e <2020-02-02> patch level 5
L3 programming layer <2020-02-25> (c:/Users/63168/AppData/Roaming/TinyTeX/texmf
-dist/tex/latex/base/article.cls
Document Class: article 2019/12/20 v1.4l Standard LaTeX document class
(c:/Users/63168/AppData/Roaming/TinyTeX/texmf-dist/tex/latex/base/size11.clo
File: size11.clo 2019/12/20 v1.4l Standard LaTeX file (size option)
)
\c@part=\count167
\c@section=\count168
\c@subsection=\count169
\c@subsubsection=\count170
\c@paragraph=\count171
\c@subparagraph=\count172
\c@figure=\count173
\c@table=\count174
\abovecaptionskip=\skip47
\belowcaptionskip=\skip48
\bibindent=\dimen134
) (c:/Users/63168/AppData/Roaming/TinyTeX/texmf-dist/tex/latex/lm/lmodern.sty
Package: lmodern 2009/10/30 v1.6 Latin Modern Fonts
LaTeX Font Info:    Overwriting symbol font `operators' in version `normal'
(Font)                  OT1/cmr/m/n --> OT1/lmr/m/n on input line 22.
LaTeX Font Info:    Overwriting symbol font `letters' in version `normal'
(Font)                  OML/cmm/m/it --> OML/lmm/m/it on input line 23.
LaTeX Font Info:    Overwriting symbol font `symbols' in version `normal'
(Font)                  OMS/cmsy/m/n --> OMS/lmsy/m/n on input line 24.
LaTeX Font Info:    Overwriting symbol font `largesymbols' in version `normal'
(Font)                  OMX/cmex/m/n --> OMX/lmex/m/n on input line 25.
LaTeX Font Info:    Overwriting symbol font `operators' in version `bold'
(Font)                  OT1/cmr/bx/n --> OT1/lmr/bx/n on input line 26.
LaTeX Font Info:    Overwriting symbol font `letters' in version `bold'
(Font)                  OML/cmm/b/it --> OML/lmm/b/it on input line 27.
LaTeX Font Info:    Overwriting symbol font `symbols' in version `bold'
(Font)                  OMS/cmsy/b/n --> OMS/lmsy/b/n on input line 28.
LaTeX Font Info:    Overwriting symbol font `largesymbols' in version `bold'
(Font)                  OMX/cmex/m/n --> OMX/lmex/m/n on input line 29.
LaTeX Font Info:    Overwriting math alphabet `\mathbf' in version `normal'
(Font)                  OT1/cmr/bx/n --> OT1/lmr/bx/n on input line 31.
LaTeX Font Info:    Overwriting math alphabet `\mathsf' in version `normal'
(Font)                  OT1/cmss/m/n --> OT1/lmss/m/n on input line 32.
LaTeX Font Info:    Overwriting math alphabet `\mathit' in version `normal'
(Font)                  OT1/cmr/m/it --> OT1/lmr/m/it on input line 33.
LaTeX Font Info:    Overwriting math alphabet `\mathtt' in version `normal'
(Font)                  OT1/cmtt/m/n --> OT1/lmtt/m/n on input line 34.
LaTeX Font Info:    Overwriting math alphabet `\mathbf' in version `bold'
(Font)                  OT1/cmr/bx/n --> OT1/lmr/bx/n on input line 35.
LaTeX Font Info:    Overwriting math alphabet `\mathsf' in version `bold'
(Font)                  OT1/cmss/bx/n --> OT1/lmss/bx/n on input line 36.
LaTeX Font Info:    Overwriting math alphabet `\mathit' in version `bold'
(Font)                  OT1/cmr/bx/it --> OT1/lmr/bx/it on input line 37.
LaTeX Font Info:    Overwriting math alphabet `\mathtt' in version `bold'
(Font)                  OT1/cmtt/m/n --> OT1/lmtt/m/n on input line 38.
)
(c:/Users/63168/AppData/Roaming/TinyTeX/texmf-dist/tex/latex/amsfonts/amssymb.s
ty
Package: amssymb 2013/01/14 v3.01 AMS font symbols

(c:/Users/63168/AppData/Roaming/TinyTeX/texmf-dist/tex/latex/amsfonts/amsfonts.
sty
Package: amsfonts 2013/01/14 v3.01 Basic AMSFonts support
\@emptytoks=\toks15
\symAMSa=\mathgroup4
\symAMSb=\mathgroup5
LaTeX Font Info:    Redeclaring math symbol \hbar on input line 98.
LaTeX Font Info:    Overwriting math alphabet `\mathfrak' in version `bold'
(Font)                  U/euf/m/n --> U/euf/b/n on input line 106.
))
(c:/Users/63168/AppData/Roaming/TinyTeX/texmf-dist/tex/latex/amsmath/amsmath.st
y
Package: amsmath 2020/01/20 v2.17e AMS math features
\@mathmargin=\skip49
For additional information on amsmath, use the `?' option.

(c:/Users/63168/AppData/Roaming/TinyTeX/texmf-dist/tex/latex/amsmath/amstext.st
y
Package: amstext 2000/06/29 v2.01 AMS text

(c:/Users/63168/AppData/Roaming/TinyTeX/texmf-dist/tex/latex/amsmath/amsgen.sty
File: amsgen.sty 1999/11/30 v2.0 generic functions
\@emptytoks=\toks16
\ex@=\dimen135
))
(c:/Users/63168/AppData/Roaming/TinyTeX/texmf-dist/tex/latex/amsmath/amsbsy.sty
Package: amsbsy 1999/11/29 v1.2d Bold Symbols
\pmbraise@=\dimen136
)
(c:/Users/63168/AppData/Roaming/TinyTeX/texmf-dist/tex/latex/amsmath/amsopn.sty
Package: amsopn 2016/03/08 v2.02 operator names
)
\inf@bad=\count175
LaTeX Info: Redefining \frac on input line 227.
\uproot@=\count176
\leftroot@=\count177
LaTeX Info: Redefining \overline on input line 389.
\classnum@=\count178
\DOTSCASE@=\count179
LaTeX Info: Redefining \ldots on input line 486.
LaTeX Info: Redefining \dots on input line 489.
LaTeX Info: Redefining \cdots on input line 610.
\Mathstrutbox@=\box45
\strutbox@=\box46
\big@size=\dimen137
LaTeX Font Info:    Redeclaring font encoding OML on input line 733.
LaTeX Font Info:    Redeclaring font encoding OMS on input line 734.
\macc@depth=\count180
\c@MaxMatrixCols=\count181
\dotsspace@=\muskip16
\c@parentequation=\count182
\dspbrk@lvl=\count183
\tag@help=\toks17
\row@=\count184
\column@=\count185
\maxfields@=\count186
\andhelp@=\toks18
\eqnshift@=\dimen138
\alignsep@=\dimen139
\tagshift@=\dimen140
\tagwidth@=\dimen141
\totwidth@=\dimen142
\lineht@=\dimen143
\@envbody=\toks19
\multlinegap=\skip50
\multlinetaggap=\skip51
\mathdisplay@stack=\toks20
LaTeX Info: Redefining \[ on input line 2859.
LaTeX Info: Redefining \] on input line 2860.
)
(c:/Users/63168/AppData/Roaming/TinyTeX/texmf-dist/tex/generic/iftex/ifxetex.st
y
Package: ifxetex 2019/10/25 v0.7 ifxetex legacy package. Use iftex instead.
(c:/Users/63168/AppData/Roaming/TinyTeX/texmf-dist/tex/generic/iftex/iftex.sty
Package: iftex 2019/11/07 v1.0c TeX engine tests
))
(c:/Users/63168/AppData/Roaming/TinyTeX/texmf-dist/tex/generic/iftex/ifluatex.s
ty
Package: ifluatex 2019/10/25 v1.5 ifluatex legacy package. Use iftex instead.
) (c:/Users/63168/AppData/Roaming/TinyTeX/texmf-dist/tex/latex/base/fixltx2e.st
y
Package: fixltx2e 2016/12/29 v2.1a fixes to LaTeX (obsolete)
Applying: [2015/01/01] Old fixltx2e package on input line 46.

Package fixltx2e Warning: fixltx2e is not required with releases after 2015
(fixltx2e)                All fixes are now in the LaTeX kernel.
(fixltx2e)                See the latexrelease package for details.

Already applied: [0000/00/00] Old fixltx2e package on input line 53.
) (c:/Users/63168/AppData/Roaming/TinyTeX/texmf-dist/tex/latex/base/fontenc.sty
Package: fontenc 2020/02/11 v2.0o Standard LaTeX package
LaTeX Font Info:    Trying to load font information for T1+lmr on input line 11
2.
(c:/Users/63168/AppData/Roaming/TinyTeX/texmf-dist/tex/latex/lm/t1lmr.fd
File: t1lmr.fd 2009/10/30 v1.6 Font defs for Latin Modern
)) (c:/Users/63168/AppData/Roaming/TinyTeX/texmf-dist/tex/latex/base/inputenc.s
ty
Package: inputenc 2018/08/11 v1.3c Input encoding file
\inpenc@prehook=\toks21
\inpenc@posthook=\toks22
)
(c:/Users/63168/AppData/Roaming/TinyTeX/texmf-dist/tex/latex/upquote/upquote.st
y
Package: upquote 2012/04/19 v1.3 upright-quote and grave-accent glyphs in verba
tim
(c:/Users/63168/AppData/Roaming/TinyTeX/texmf-dist/tex/latex/base/textcomp.sty
Package: textcomp 2020/02/02 v2.0n Standard LaTeX package
))
(c:/Users/63168/AppData/Roaming/TinyTeX/texmf-dist/tex/latex/microtype/microtyp
e.sty
Package: microtype 2019/11/18 v2.7d Micro-typographical refinements (RS)

(c:/Users/63168/AppData/Roaming/TinyTeX/texmf-dist/tex/latex/graphics/keyval.st
y
Package: keyval 2014/10/28 v1.15 key=value parser (DPC)
\KV@toks@=\toks23
)
\MT@toks=\toks24
\MT@count=\count187
LaTeX Info: Redefining \textls on input line 790.
\MT@outer@kern=\dimen144
LaTeX Info: Redefining \textmicrotypecontext on input line 1354.
\MT@listname@count=\count188

(c:/Users/63168/AppData/Roaming/TinyTeX/texmf-dist/tex/latex/microtype/microtyp
e-pdftex.def
File: microtype-pdftex.def 2019/11/18 v2.7d Definitions specific to pdftex (RS)

LaTeX Info: Redefining \lsstyle on input line 914.
LaTeX Info: Redefining \lslig on input line 914.
\MT@outer@space=\skip52
)
Package microtype Info: Loading configuration file microtype.cfg.

(c:/Users/63168/AppData/Roaming/TinyTeX/texmf-dist/tex/latex/microtype/microtyp
e.cfg
File: microtype.cfg 2019/11/18 v2.7d microtype main configuration file (RS)
))
(c:/Users/63168/AppData/Roaming/TinyTeX/texmf-dist/tex/latex/hyperref/hyperref.
sty
Package: hyperref 2020/01/14 v7.00d Hypertext links for LaTeX

(c:/Users/63168/AppData/Roaming/TinyTeX/texmf-dist/tex/generic/ltxcmds/ltxcmds.
sty
Package: ltxcmds 2019/12/15 v1.24 LaTeX kernel commands for general use (HO)
)
(c:/Users/63168/AppData/Roaming/TinyTeX/texmf-dist/tex/latex/pdftexcmds/pdftexc
mds.sty
Package: pdftexcmds 2019/11/24 v0.31 Utility functions of pdfTeX for LuaTeX (HO
)

(c:/Users/63168/AppData/Roaming/TinyTeX/texmf-dist/tex/generic/infwarerr/infwar
err.sty
Package: infwarerr 2019/12/03 v1.5 Providing info/warning/error messages (HO)
)
Package pdftexcmds Info: \pdf@primitive is available.
Package pdftexcmds Info: \pdf@ifprimitive is available.
Package pdftexcmds Info: \pdfdraftmode found.
)
(c:/Users/63168/AppData/Roaming/TinyTeX/texmf-dist/tex/generic/kvsetkeys/kvsetk
eys.sty
Package: kvsetkeys 2019/12/15 v1.18 Key value parser (HO)
)
(c:/Users/63168/AppData/Roaming/TinyTeX/texmf-dist/tex/generic/kvdefinekeys/kvd
efinekeys.sty
Package: kvdefinekeys 2019-12-19 v1.6 Define keys (HO)
)
(c:/Users/63168/AppData/Roaming/TinyTeX/texmf-dist/tex/generic/pdfescape/pdfesc
ape.sty
Package: pdfescape 2019/12/09 v1.15 Implements pdfTeX's escape features (HO)
)
(c:/Users/63168/AppData/Roaming/TinyTeX/texmf-dist/tex/latex/hycolor/hycolor.st
y
Package: hycolor 2020-01-27 v1.10 Color options for hyperref/bookmark (HO)
)
(c:/Users/63168/AppData/Roaming/TinyTeX/texmf-dist/tex/latex/letltxmacro/letltx
macro.sty
Package: letltxmacro 2019/12/03 v1.6 Let assignment for LaTeX macros (HO)
)
(c:/Users/63168/AppData/Roaming/TinyTeX/texmf-dist/tex/latex/auxhook/auxhook.st
y
Package: auxhook 2019-12-17 v1.6 Hooks for auxiliary files (HO)
)
(c:/Users/63168/AppData/Roaming/TinyTeX/texmf-dist/tex/latex/kvoptions/kvoption
s.sty
Package: kvoptions 2019/11/29 v3.13 Key value format for package options (HO)
)
\@linkdim=\dimen145
\Hy@linkcounter=\count189
\Hy@pagecounter=\count190

(c:/Users/63168/AppData/Roaming/TinyTeX/texmf-dist/tex/latex/hyperref/pd1enc.de
f
File: pd1enc.def 2020/01/14 v7.00d Hyperref: PDFDocEncoding definition (HO)
Now handling font encoding PD1 ...
... no UTF-8 mapping file for font encoding PD1
)
(c:/Users/63168/AppData/Roaming/TinyTeX/texmf-dist/tex/generic/intcalc/intcalc.
sty
Package: intcalc 2019/12/15 v1.3 Expandable calculations with integers (HO)
)
(c:/Users/63168/AppData/Roaming/TinyTeX/texmf-dist/tex/generic/etexcmds/etexcmd
s.sty
Package: etexcmds 2019/12/15 v1.7 Avoid name clashes with e-TeX commands (HO)
)
\Hy@SavedSpaceFactor=\count191
\pdfmajorversion=\count192
Package hyperref Info: Option `unicode' set `true' on input line 4421.

(c:/Users/63168/AppData/Roaming/TinyTeX/texmf-dist/tex/latex/hyperref/puenc.def
File: puenc.def 2020/01/14 v7.00d Hyperref: PDF Unicode definition (HO)
Now handling font encoding PU ...
... no UTF-8 mapping file for font encoding PU
)
Package hyperref Info: Hyper figures OFF on input line 4547.
Package hyperref Info: Link nesting OFF on input line 4552.
Package hyperref Info: Hyper index ON on input line 4555.
Package hyperref Info: Plain pages OFF on input line 4562.
Package hyperref Info: Backreferencing OFF on input line 4567.
Package hyperref Info: Implicit mode ON; LaTeX internals redefined.
Package hyperref Info: Bookmarks ON on input line 4800.
\c@Hy@tempcnt=\count193
(c:/Users/63168/AppData/Roaming/TinyTeX/texmf-dist/tex/latex/url/url.sty
\Urlmuskip=\muskip17
Package: url 2013/09/16  ver 3.4  Verb mode for urls, etc.
)
LaTeX Info: Redefining \url on input line 5159.
\XeTeXLinkMargin=\dimen146

(c:/Users/63168/AppData/Roaming/TinyTeX/texmf-dist/tex/generic/bitset/bitset.st
y
Package: bitset 2019/12/09 v1.3 Handle bit-vector datatype (HO)

(c:/Users/63168/AppData/Roaming/TinyTeX/texmf-dist/tex/generic/bigintcalc/bigin
tcalc.sty
Package: bigintcalc 2019/12/15 v1.5 Expandable calculations on big integers (HO
)
))
\Fld@menulength=\count194
\Field@Width=\dimen147
\Fld@charsize=\dimen148
Package hyperref Info: Hyper figures OFF on input line 6430.
Package hyperref Info: Link nesting OFF on input line 6435.
Package hyperref Info: Hyper index ON on input line 6438.
Package hyperref Info: backreferencing OFF on input line 6445.
Package hyperref Info: Link coloring OFF on input line 6450.
Package hyperref Info: Link coloring with OCG OFF on input line 6455.
Package hyperref Info: PDF/A mode OFF on input line 6460.
LaTeX Info: Redefining \ref on input line 6500.
LaTeX Info: Redefining \pageref on input line 6504.

(c:/Users/63168/AppData/Roaming/TinyTeX/texmf-dist/tex/generic/atbegshi/atbegsh
i.sty
Package: atbegshi 2019/12/05 v1.19 At begin shipout hook (HO)
)
\Hy@abspage=\count195
\c@Item=\count196
\c@Hfootnote=\count197
)
Package hyperref Info: Driver (autodetected): hpdftex.

(c:/Users/63168/AppData/Roaming/TinyTeX/texmf-dist/tex/latex/hyperref/hpdftex.d
ef
File: hpdftex.def 2020/01/14 v7.00d Hyperref driver for pdfTeX

(c:/Users/63168/AppData/Roaming/TinyTeX/texmf-dist/tex/latex/atveryend/atveryen
d.sty
Package: atveryend 2019-12-11 v1.11 Hooks at the very end of document (HO)
Package atveryend Info: \enddocument detected (standard20110627).
)
\Fld@listcount=\count198
\c@bookmark@seq@number=\count199

(c:/Users/63168/AppData/Roaming/TinyTeX/texmf-dist/tex/latex/rerunfilecheck/rer
unfilecheck.sty
Package: rerunfilecheck 2019/12/05 v1.9 Rerun checks for auxiliary files (HO)

(c:/Users/63168/AppData/Roaming/TinyTeX/texmf-dist/tex/generic/uniquecounter/un
iquecounter.sty
Package: uniquecounter 2019/12/15 v1.4 Provide unlimited unique counter (HO)
)
Package uniquecounter Info: New unique counter `rerunfilecheck' on input line 2
86.
)
\Hy@SectionHShift=\skip53
)
Package hyperref Info: Option `breaklinks' set `true' on input line 26.

(c:/Users/63168/AppData/Roaming/TinyTeX/texmf-dist/tex/latex/geometry/geometry.
sty
Package: geometry 2020/01/02 v5.9 Page Geometry

(c:/Users/63168/AppData/Roaming/TinyTeX/texmf-dist/tex/generic/iftex/ifvtex.sty
Package: ifvtex 2019/10/25 v1.7 ifvtex legacy package. Use iftex instead.
)
\Gm@cnth=\count266
\Gm@cntv=\count267
\c@Gm@tempcnt=\count268
\Gm@bindingoffset=\dimen149
\Gm@wd@mp=\dimen150
\Gm@odd@mp=\dimen151
\Gm@even@mp=\dimen152
\Gm@layoutwidth=\dimen153
\Gm@layoutheight=\dimen154
\Gm@layouthoffset=\dimen155
\Gm@layoutvoffset=\dimen156
\Gm@dimlist=\toks25
)
(c:/Users/63168/AppData/Roaming/TinyTeX/texmf-dist/tex/latex/biblatex/biblatex.
sty
Package: biblatex 2019/12/01 v3.14 programmable bibliographies (PK/MW)

(c:/Users/63168/AppData/Roaming/TinyTeX/texmf-dist/tex/latex/etoolbox/etoolbox.
sty
Package: etoolbox 2019/09/21 v2.5h e-TeX tools for LaTeX (JAW)
\etb@tempcnta=\count269
) (c:/Users/63168/AppData/Roaming/TinyTeX/texmf-dist/tex/latex/logreq/logreq.st
y
Package: logreq 2010/08/04 v1.0 xml request logger
\lrq@indent=\count270
(c:/Users/63168/AppData/Roaming/TinyTeX/texmf-dist/tex/latex/logreq/logreq.def
File: logreq.def 2010/08/04 v1.0 logreq spec v1.0
)) (c:/Users/63168/AppData/Roaming/TinyTeX/texmf-dist/tex/latex/base/ifthen.sty
Package: ifthen 2014/09/29 v1.1c Standard LaTeX ifthen package (DPC)
)
\c@tabx@nest=\count271
\c@listtotal=\count272
\c@listcount=\count273
\c@liststart=\count274
\c@liststop=\count275
\c@citecount=\count276
\c@citetotal=\count277
\c@multicitecount=\count278
\c@multicitetotal=\count279
\c@instcount=\count280
\c@maxnames=\count281
\c@minnames=\count282
\c@maxitems=\count283
\c@minitems=\count284
\c@citecounter=\count285
\c@maxcitecounter=\count286
\c@savedcitecounter=\count287
\c@uniquelist=\count288
\c@uniquename=\count289
\c@refsection=\count290
\c@refsegment=\count291
\c@maxextratitle=\count292
\c@maxextratitleyear=\count293
\c@maxextraname=\count294
\c@maxextradate=\count295
\c@maxextraalpha=\count296
\c@abbrvpenalty=\count297
\c@highnamepenalty=\count298
\c@lownamepenalty=\count299
\c@maxparens=\count300
\c@parenlevel=\count301
\blx@tempcnta=\count302
\blx@tempcntb=\count303
\blx@tempcntc=\count304
\blx@maxsection=\count305
\blx@maxsegment@0=\count306
\blx@notetype=\count307
\blx@parenlevel@text=\count308
\blx@parenlevel@foot=\count309
\blx@sectionciteorder@0=\count310
\blx@entrysetcounter=\count311
\labelnumberwidth=\skip54
\labelalphawidth=\skip55
\biblabelsep=\skip56
\bibitemsep=\skip57
\bibnamesep=\skip58
\bibinitsep=\skip59
\bibparsep=\skip60
\bibhang=\skip61
\blx@bcfin=\read2
\blx@bcfout=\write3
\blx@langwohyphens=\language5
\c@mincomprange=\count312
\c@maxcomprange=\count313
\c@mincompwidth=\count314
Package biblatex Info: Trying to load biblatex default data model...
Package biblatex Info: ... file 'blx-dm.def' found.

(c:/Users/63168/AppData/Roaming/TinyTeX/texmf-dist/tex/latex/biblatex/blx-dm.de
f
File: blx-dm.def 2019/12/01 v3.14 biblatex localization (PK/MW)
)
Package biblatex Info: Trying to load biblatex style data model...
Package biblatex Info: ... file 'authoryear-comp.dbx' not found.
Package biblatex Info: Trying to load biblatex custom data model...
Package biblatex Info: ... file 'biblatex-dm.cfg' not found.
\c@afterword=\count315
\c@savedafterword=\count316
\c@annotator=\count317
\c@savedannotator=\count318
\c@author=\count319
\c@savedauthor=\count320
\c@bookauthor=\count321
\c@savedbookauthor=\count322
\c@commentator=\count323
\c@savedcommentator=\count324
\c@editor=\count325
\c@savededitor=\count326
\c@editora=\count327
\c@savededitora=\count328
\c@editorb=\count329
\c@savededitorb=\count330
\c@editorc=\count331
\c@savededitorc=\count332
\c@foreword=\count333
\c@savedforeword=\count334
\c@holder=\count335
\c@savedholder=\count336
\c@introduction=\count337
\c@savedintroduction=\count338
\c@namea=\count339
\c@savednamea=\count340
\c@nameb=\count341
\c@savednameb=\count342
\c@namec=\count343
\c@savednamec=\count344
\c@translator=\count345
\c@savedtranslator=\count346
\c@shortauthor=\count347
\c@savedshortauthor=\count348
\c@shorteditor=\count349
\c@savedshorteditor=\count350
\c@labelname=\count351
\c@savedlabelname=\count352
\c@institution=\count353
\c@savedinstitution=\count354
\c@lista=\count355
\c@savedlista=\count356
\c@listb=\count357
\c@savedlistb=\count358
\c@listc=\count359
\c@savedlistc=\count360
\c@listd=\count361
\c@savedlistd=\count362
\c@liste=\count363
\c@savedliste=\count364
\c@listf=\count365
\c@savedlistf=\count366
\c@location=\count367
\c@savedlocation=\count368
\c@organization=\count369
\c@savedorganization=\count370
\c@origlocation=\count371
\c@savedoriglocation=\count372
\c@origpublisher=\count373
\c@savedorigpublisher=\count374
\c@publisher=\count375
\c@savedpublisher=\count376
\c@language=\count377
\c@savedlanguage=\count378
\c@origlanguage=\count379
\c@savedoriglanguage=\count380
\c@pageref=\count381
\c@savedpageref=\count382
\shorthandwidth=\skip62
\shortjournalwidth=\skip63
\shortserieswidth=\skip64
\shorttitlewidth=\skip65
\shortauthorwidth=\skip66
\shorteditorwidth=\skip67
\locallabelnumberwidth=\skip68
\locallabelalphawidth=\skip69
\localshorthandwidth=\skip70
\localshortjournalwidth=\skip71
\localshortserieswidth=\skip72
\localshorttitlewidth=\skip73
\localshortauthorwidth=\skip74
\localshorteditorwidth=\skip75
Package biblatex Info: Trying to load compatibility code...
Package biblatex Info: ... file 'blx-compat.def' found.

(c:/Users/63168/AppData/Roaming/TinyTeX/texmf-dist/tex/latex/biblatex/blx-compa
t.def
File: blx-compat.def 2019/12/01 v3.14 biblatex compatibility (PK/MW)
)
Package biblatex Info: Trying to load generic definitions...
Package biblatex Info: ... file 'biblatex.def' found.

(c:/Users/63168/AppData/Roaming/TinyTeX/texmf-dist/tex/latex/biblatex/biblatex.
def
File: biblatex.def 2019/12/01 v3.14 biblatex compatibility (PK/MW)
\c@textcitecount=\count383
\c@textcitetotal=\count384
\c@textcitemaxnames=\count385
\c@biburlbigbreakpenalty=\count386
\c@biburlbreakpenalty=\count387
\c@biburlnumpenalty=\count388
\c@biburlucpenalty=\count389
\c@biburllcpenalty=\count390
\biburlbigskip=\muskip18
\biburlnumskip=\muskip19
\biburlucskip=\muskip20
\biburllcskip=\muskip21
\c@smartand=\count391
)
Package biblatex Info: Trying to load bibliography style 'authoryear-comp'...
Package biblatex Info: ... file 'authoryear-comp.bbx' found.

(c:/Users/63168/AppData/Roaming/TinyTeX/texmf-dist/tex/latex/biblatex/bbx/autho
ryear-comp.bbx
File: authoryear-comp.bbx 2019/12/01 v3.14 biblatex bibliography style (PK/MW)
Package biblatex Info: Trying to load bibliography style 'authoryear'...
Package biblatex Info: ... file 'authoryear.bbx' found.

(c:/Users/63168/AppData/Roaming/TinyTeX/texmf-dist/tex/latex/biblatex/bbx/autho
ryear.bbx
File: authoryear.bbx 2019/12/01 v3.14 biblatex bibliography style (PK/MW)
Package biblatex Info: Trying to load bibliography style 'standard'...
Package biblatex Info: ... file 'standard.bbx' found.

(c:/Users/63168/AppData/Roaming/TinyTeX/texmf-dist/tex/latex/biblatex/bbx/stand
ard.bbx
File: standard.bbx 2019/12/01 v3.14 biblatex bibliography style (PK/MW)
\c@bbx:relatedcount=\count392
\c@bbx:relatedtotal=\count393
)))
Package biblatex Info: Trying to load citation style 'authoryear-comp'...
Package biblatex Info: ... file 'authoryear-comp.cbx' found.

(c:/Users/63168/AppData/Roaming/TinyTeX/texmf-dist/tex/latex/biblatex/cbx/autho
ryear-comp.cbx
File: authoryear-comp.cbx 2019/12/01 v3.14 biblatex citation style (PK/MW)
Package biblatex Info: Redefining '\cite'.
Package biblatex Info: Redefining '\parencite'.
Package biblatex Info: Redefining '\footcite'.
Package biblatex Info: Redefining '\footcitetext'.
Package biblatex Info: Redefining '\smartcite'.
Package biblatex Info: Redefining '\textcite'.
Package biblatex Info: Redefining '\textcites'.
Package biblatex Info: Redefining '\cites'.
Package biblatex Info: Redefining '\parencites'.
Package biblatex Info: Redefining '\footcites'.
Package biblatex Info: Redefining '\footcitetexts'.
Package biblatex Info: Redefining '\smartcites'.
)
Package biblatex Info: Trying to load configuration file...
Package biblatex Info: ... file 'biblatex.cfg' found.

(c:/Users/63168/AppData/Roaming/TinyTeX/texmf-dist/tex/latex/biblatex/biblatex.
cfg
File: biblatex.cfg 
))
(c:/Users/63168/AppData/Roaming/TinyTeX/texmf-dist/tex/latex/graphics/color.sty
Package: color 2019/11/23 v1.2a Standard LaTeX Color (DPC)

(c:/Users/63168/AppData/Roaming/TinyTeX/texmf-dist/tex/latex/graphics-cfg/color
.cfg
File: color.cfg 2016/01/02 v1.6 sample color configuration
)
Package color Info: Driver file: pdftex.def on input line 147.

(c:/Users/63168/AppData/Roaming/TinyTeX/texmf-dist/tex/latex/graphics-def/pdfte
x.def
File: pdftex.def 2018/01/08 v1.0l Graphics/color driver for pdftex
))
(c:/Users/63168/AppData/Roaming/TinyTeX/texmf-dist/tex/latex/fancyvrb/fancyvrb.
sty
Package: fancyvrb 2020/01/13 v3.5 verbatim text (tvz,hv)
\FV@CodeLineNo=\count394
\FV@InFile=\read3
\FV@TabBox=\box47
\c@FancyVerbLine=\count395
\FV@StepNumber=\count396
\FV@OutFile=\write4
) (c:/Users/63168/AppData/Roaming/TinyTeX/texmf-dist/tex/latex/framed/framed.st
y
Package: framed 2011/10/22 v 0.96: framed or shaded text with page breaks
\OuterFrameSep=\skip76
\fb@frw=\dimen157
\fb@frh=\dimen158
\FrameRule=\dimen159
\FrameSep=\dimen160
)
(c:/Users/63168/AppData/Roaming/TinyTeX/texmf-dist/tex/latex/tools/longtable.st
y
Package: longtable 2020/01/07 v4.13 Multi-page Table package (DPC)
\LTleft=\skip77
\LTright=\skip78
\LTpre=\skip79
\LTpost=\skip80
\LTchunksize=\count397
\LTcapwidth=\dimen161
\LT@head=\box48
\LT@firsthead=\box49
\LT@foot=\box50
\LT@lastfoot=\box51
\LT@cols=\count398
\LT@rows=\count399
\c@LT@tables=\count400
\c@LT@chunks=\count401
\LT@p@ftn=\toks26
)
(c:/Users/63168/AppData/Roaming/TinyTeX/texmf-dist/tex/latex/booktabs/booktabs.
sty
Package: booktabs 2020/01/12 v1.61803398 Publication quality tables
\heavyrulewidth=\dimen162
\lightrulewidth=\dimen163
\cmidrulewidth=\dimen164
\belowrulesep=\dimen165
\belowbottomsep=\dimen166
\aboverulesep=\dimen167
\abovetopsep=\dimen168
\cmidrulesep=\dimen169
\cmidrulekern=\dimen170
\defaultaddspace=\dimen171
\@cmidla=\count402
\@cmidlb=\count403
\@aboverulesep=\dimen172
\@belowrulesep=\dimen173
\@thisruleclass=\count404
\@lastruleclass=\count405
\@thisrulewidth=\dimen174
)
(c:/Users/63168/AppData/Roaming/TinyTeX/texmf-dist/tex/latex/mdwtools/footnote.
sty
Package: footnote 1997/01/28 1.13 Save footnotes around boxes
\fn@notes=\box52
\fn@width=\dimen175
)
(c:/Users/63168/AppData/Roaming/TinyTeX/texmf-dist/tex/latex/caption/caption.st
y
Package: caption 2020/01/03 v3.4h Customizing captions (AR)

(c:/Users/63168/AppData/Roaming/TinyTeX/texmf-dist/tex/latex/caption/caption3.s
ty
Package: caption3 2020/01/03 v1.8h caption3 kernel (AR)
Package caption3 Info: TeX engine: e-TeX on input line 61.
\captionmargin=\dimen176
\captionmargin@=\dimen177
\captionwidth=\dimen178
\caption@tempdima=\dimen179
\caption@indent=\dimen180
\caption@parindent=\dimen181
\caption@hangindent=\dimen182
Package caption Info: Standard document class detected.
)
\c@caption@flags=\count406
\c@continuedfloat=\count407
Package caption Info: hyperref package is loaded.
Package caption Info: longtable package is loaded.

(c:/Users/63168/AppData/Roaming/TinyTeX/texmf-dist/tex/latex/caption/ltcaption.
sty
Package: ltcaption 2018/08/26 v1.4a longtable captions (AR)
)) (c:/Users/63168/AppData/Roaming/TinyTeX/texmf-dist/tex/latex/bera/bera.sty
Package: bera 2004/01/31 (WaS)
(c:/Users/63168/AppData/Roaming/TinyTeX/texmf-dist/tex/latex/base/fontenc.sty
Package: fontenc 2020/02/11 v2.0o Standard LaTeX package
)
(c:/Users/63168/AppData/Roaming/TinyTeX/texmf-dist/tex/latex/bera/beraserif.sty
Package: beraserif 2004/01/30 (WaS)
LaTeX Font Info:    Trying to load font information for T1+fve on input line 30
.
(c:/Users/63168/AppData/Roaming/TinyTeX/texmf-dist/tex/latex/bera/t1fve.fd
File: t1fve.fd 2004/09/07 scalable font definitions for T1/fve.
)
LaTeX Font Info:    Font shape `T1/fve/m/n' will be
(Font)              scaled to size 9.85492pt on input line 30.
) (c:/Users/63168/AppData/Roaming/TinyTeX/texmf-dist/tex/latex/bera/berasans.st
y
Package: berasans 2004/01/30 (WaS)
) (c:/Users/63168/AppData/Roaming/TinyTeX/texmf-dist/tex/latex/bera/beramono.st
y
Package: beramono 2004/01/31 (WaS)
))
(c:/Users/63168/AppData/Roaming/TinyTeX/texmf-dist/tex/latex/mathdesign/mathdes
ign.sty
Package: mathdesign 2013/08/29 v2.31 Math Design Project

(c:/Users/63168/AppData/Roaming/TinyTeX/texmf-dist/tex/latex/mathdesign/mdbch/m
dbch.cfg)
(c:/Users/63168/AppData/Roaming/TinyTeX/texmf-dist/tex/latex/mathdesign/mdbch/m
dbch.sty
Package: mdbch 2013/08/29 v2.31 bitstream bitstream charter + mdbch (Math Desig
n Project)

(c:/Users/63168/AppData/Roaming/TinyTeX/texmf-dist/tex/latex/mathdesign/mdfont.
def
File: mdfont.def 2013/08/29 v2.31 (Math Design Project)
)
(c:/Users/63168/AppData/Roaming/TinyTeX/texmf-dist/tex/latex/mathdesign/mdsffon
t.def
File: mdsffont.def 2013/08/29 v2.31 (Math Design Project)

LaTeX Warning: Font shape declaration has incorrect series value `mc'.
               It should not contain an `m'! Please correct it.
               Found on input line 53.


LaTeX Warning: Font shape declaration has incorrect series value `mc'.
               It should not contain an `m'! Please correct it.
               Found on input line 56.


LaTeX Warning: Font shape declaration has incorrect series value `mc'.
               It should not contain an `m'! Please correct it.
               Found on input line 59.


LaTeX Warning: Font shape declaration has incorrect series value `mc'.
               It should not contain an `m'! Please correct it.
               Found on input line 79.


LaTeX Warning: Font shape declaration has incorrect series value `mc'.
               It should not contain an `m'! Please correct it.
               Found on input line 102.


LaTeX Warning: Font shape declaration has incorrect series value `mc'.
               It should not contain an `m'! Please correct it.
               Found on input line 105.


LaTeX Warning: Font shape declaration has incorrect series value `mc'.
               It should not contain an `m'! Please correct it.
               Found on input line 108.


LaTeX Warning: Font shape declaration has incorrect series value `mc'.
               It should not contain an `m'! Please correct it.
               Found on input line 128.


LaTeX Warning: Font shape declaration has incorrect series value `mc'.
               It should not contain an `m'! Please correct it.
               Found on input line 259.


LaTeX Warning: Font shape declaration has incorrect series value `mc'.
               It should not contain an `m'! Please correct it.
               Found on input line 262.


LaTeX Warning: Font shape declaration has incorrect series value `mc'.
               It should not contain an `m'! Please correct it.
               Found on input line 265.


LaTeX Warning: Font shape declaration has incorrect series value `mc'.
               It should not contain an `m'! Please correct it.
               Found on input line 268.


LaTeX Warning: Font shape declaration has incorrect series value `mc'.
               It should not contain an `m'! Please correct it.
               Found on input line 313.


LaTeX Warning: Font shape declaration has incorrect series value `mc'.
               It should not contain an `m'! Please correct it.
               Found on input line 316.


LaTeX Warning: Font shape declaration has incorrect series value `mc'.
               It should not contain an `m'! Please correct it.
               Found on input line 319.


LaTeX Warning: Font shape declaration has incorrect series value `mc'.
               It should not contain an `m'! Please correct it.
               Found on input line 322.

)
(c:/Users/63168/AppData/Roaming/TinyTeX/texmf-dist/tex/latex/mathdesign/mdttfon
t.def
File: mdttfont.def 2013/08/29 v2.31 (Math Design Project)
)
\symmdcal=\mathgroup6
LaTeX Font Info:    Overwriting symbol font `mdcal' in version `bold'
(Font)                  OMS/mdbch/m/n --> OMS/mdbch/b/n on input line 97.
\symmdscr=\mathgroup7
LaTeX Font Info:    Overwriting symbol font `mdscr' in version `bold'
(Font)                  OMS/mdbch/m/n --> OMS/mdbch/b/n on input line 103.
LaTeX Font Info:    Redeclaring math alphabet \mathfrak on input line 109.
LaTeX Font Info:    Overwriting math alphabet `\mathfrak' in version `normal'
(Font)                  U/euf/m/n --> U/xmdeuf/m/n on input line 109.
LaTeX Font Info:    Overwriting math alphabet `\mathfrak' in version `bold'
(Font)                  U/euf/b/n --> U/xmdeuf/m/n on input line 109.
LaTeX Font Info:    Overwriting math alphabet `\mathfrak' in version `bold'
(Font)                  U/xmdeuf/m/n --> U/xmdeuf/b/n on input line 110.
LaTeX Info: Redefining \frak on input line 111.
LaTeX Font Info:    Overwriting symbol font `operators' in version `normal'
(Font)                  OT1/lmr/m/n --> OT1/mdbch/m/n on input line 121.
LaTeX Font Info:    Overwriting symbol font `letters' in version `normal'
(Font)                  OML/lmm/m/it --> OML/mdbch/m/it on input line 122.
LaTeX Font Info:    Overwriting symbol font `symbols' in version `normal'
(Font)                  OMS/lmsy/m/n --> OMS/mdbch/m/n on input line 123.
LaTeX Font Info:    Overwriting symbol font `largesymbols' in version `normal'
(Font)                  OMX/lmex/m/n --> OMX/mdbch/m/n on input line 124.
LaTeX Font Info:    Overwriting symbol font `operators' in version `bold'
(Font)                  OT1/lmr/bx/n --> OT1/mdbch/b/n on input line 126.
LaTeX Font Info:    Overwriting symbol font `letters' in version `bold'
(Font)                  OML/lmm/b/it --> OML/mdbch/b/it on input line 127.
LaTeX Font Info:    Overwriting symbol font `symbols' in version `bold'
(Font)                  OMS/lmsy/b/n --> OMS/mdbch/b/n on input line 128.
LaTeX Font Info:    Overwriting symbol font `largesymbols' in version `bold'
(Font)                  OMX/lmex/m/n --> OMX/mdbch/b/n on input line 129.
LaTeX Font Info:    Overwriting math alphabet `\mathrm' in version `normal'
(Font)                  OT1/mdbch/m/n --> T1/mdbch/m/n on input line 131.
LaTeX Font Info:    Overwriting math alphabet `\mathbf' in version `normal'
(Font)                  OT1/lmr/bx/n --> T1/mdbch/b/n on input line 132.
LaTeX Font Info:    Overwriting math alphabet `\mathit' in version `normal'
(Font)                  OT1/lmr/m/it --> T1/mdbch/m/it on input line 133.
LaTeX Font Info:    Overwriting math alphabet `\mathsf' in version `normal'
(Font)                  OT1/lmss/m/n --> T1/fvs/m/n on input line 134.
LaTeX Font Info:    Overwriting math alphabet `\mathtt' in version `normal'
(Font)                  OT1/lmtt/m/n --> T1/fvm/m/n on input line 135.
LaTeX Font Info:    Overwriting math alphabet `\mathrm' in version `bold'
(Font)                  OT1/mdbch/b/n --> T1/mdbch/b/n on input line 137.
LaTeX Font Info:    Overwriting math alphabet `\mathbf' in version `bold'
(Font)                  OT1/lmr/bx/n --> T1/mdbch/b/n on input line 138.
LaTeX Font Info:    Overwriting math alphabet `\mathit' in version `bold'
(Font)                  OT1/lmr/bx/it --> T1/mdbch/b/it on input line 139.
LaTeX Font Info:    Overwriting math alphabet `\mathsf' in version `bold'
(Font)                  OT1/lmss/bx/n --> T1/fvs/b/n on input line 140.
LaTeX Font Info:    Overwriting math alphabet `\mathtt' in version `bold'
(Font)                  OT1/lmtt/m/n --> T1/fvm/b/n on input line 141.
\symlettersupright=\mathgroup8
LaTeX Font Info:    Overwriting symbol font `lettersupright' in version `bold'
(Font)                  OML/mdbch/m/n --> OML/mdbch/b/n on input line 144.
LaTeX Font Info:    Redeclaring math alphabet \mathrm on input line 145.
LaTeX Font Info:    Overwriting math alphabet `\mathcal' in version `normal'
(Font)                  OMS/mdbch/m/n --> OMS/mdbch/m/n on input line 167.

(c:/Users/63168/AppData/Roaming/TinyTeX/texmf-dist/tex/latex/xkeyval/xkeyval.st
y
Package: xkeyval 2014/12/03 v2.7a package option processing (HA)

(c:/Users/63168/AppData/Roaming/TinyTeX/texmf-dist/tex/generic/xkeyval/xkeyval.
tex
(c:/Users/63168/AppData/Roaming/TinyTeX/texmf-dist/tex/generic/xkeyval/xkvutils
.tex
\XKV@toks=\toks27
\XKV@tempa@toks=\toks28
)
\XKV@depth=\count408
File: xkeyval.tex 2014/12/03 v2.7a key=value parser (HA)
))
LaTeX Font Info:    Trying to load font information for T1+mdbch on input line 
186.

(c:/Users/63168/AppData/Roaming/TinyTeX/texmf-dist/tex/latex/mathdesign/mdbch/t
1mdbch.fd
File: t1mdbch.fd 2013/08/29 Fontinst v1.933 font definitions for T1/mdbch.
)
LaTeX Font Info:    Font shape `T1/mdbch/m/n' will be
(Font)              scaled to size 10.51207pt on input line 186.
LaTeX Font Info:    Redeclaring math accent \widetilde on input line 449.
LaTeX Font Info:    Redeclaring math accent \widehat on input line 450.
Now handling font encoding MDA ...
... no UTF-8 mapping file for font encoding MDA
\symmathdesignA=\mathgroup9
LaTeX Font Info:    Overwriting symbol font `mathdesignA' in version `bold'
(Font)                  MDA/mdbch/m/n --> MDA/mdbch/b/n on input line 491.
LaTeX Font Info:    Overwriting encoding scheme math defaults on input line 493
.
Now handling font encoding MDB ...
... no UTF-8 mapping file for font encoding MDB
\symmathdesignB=\mathgroup10
LaTeX Font Info:    Overwriting symbol font `mathdesignB' in version `bold'
(Font)                  MDB/mdbch/m/n --> MDB/mdbch/b/n on input line 498.
LaTeX Info: Redefining \bold on input line 510.
LaTeX Font Info:    Redeclaring math accent \widetilde on input line 532.
LaTeX Font Info:    Redeclaring math accent \widehat on input line 533.
\rulethickness=\skip81
) (c:/Users/63168/AppData/Roaming/TinyTeX/texmf-dist/tex/latex/base/fontenc.sty
Package: fontenc 2020/02/11 v2.0o Standard LaTeX package
))
(c:/Users/63168/AppData/Roaming/TinyTeX/texmf-dist/tex/latex/fontawesome/fontaw
esome.sty
Package: fontawesome 2016/05/15 v4.6.3.1 font awesome icons

(c:/Users/63168/AppData/Roaming/TinyTeX/texmf-dist/tex/latex/fontawesome/fontaw
esomesymbols-generic.tex)
(c:/Users/63168/AppData/Roaming/TinyTeX/texmf-dist/tex/latex/fontawesome/fontaw
esomesymbols-pdftex.tex))
(c:/Users/63168/AppData/Roaming/TinyTeX/texmf-dist/tex/latex/fancyhdr/fancyhdr.
sty
Package: fancyhdr 2019/01/31 v3.10 Extensive control of page headers and footer
s
\f@nch@headwidth=\skip82
\f@nch@O@elh=\skip83
\f@nch@O@erh=\skip84
\f@nch@O@olh=\skip85
\f@nch@O@orh=\skip86
\f@nch@O@elf=\skip87
\f@nch@O@erf=\skip88
\f@nch@O@olf=\skip89
\f@nch@O@orf=\skip90
) (c:/Users/63168/AppData/Roaming/TinyTeX/texmf-dist/tex/latex/tools/bm.sty
Package: bm 2019/07/24 v1.2d Bold Symbol Support (DPC/FMi)
\symboldoperators=\mathgroup11
\symboldletters=\mathgroup12
\symboldsymbols=\mathgroup13
\symboldlargesymbols=\mathgroup14
LaTeX Font Info:    Redeclaring math alphabet \mathbf on input line 141.
LaTeX Info: Redefining \bm on input line 209.
)
(c:/Users/63168/AppData/Roaming/TinyTeX/texmf-dist/tex/latex/graphics/graphicx.
sty
Package: graphicx 2019/11/30 v1.2a Enhanced LaTeX Graphics (DPC,SPQR)

(c:/Users/63168/AppData/Roaming/TinyTeX/texmf-dist/tex/latex/graphics/graphics.
sty
Package: graphics 2019/11/30 v1.4a Standard LaTeX Graphics (DPC,SPQR)
(c:/Users/63168/AppData/Roaming/TinyTeX/texmf-dist/tex/latex/graphics/trig.sty
Package: trig 2016/01/03 v1.10 sin cos tan (DPC)
)
(c:/Users/63168/AppData/Roaming/TinyTeX/texmf-dist/tex/latex/graphics-cfg/graph
ics.cfg
File: graphics.cfg 2016/06/04 v1.11 sample graphics configuration
)
Package graphics Info: Driver file: pdftex.def on input line 105.
)
\Gin@req@height=\dimen183
\Gin@req@width=\dimen184
)
(c:/Users/63168/AppData/Roaming/TinyTeX/texmf-dist/tex/latex/titlesec/titlesec.
sty
Package: titlesec 2019/10/16 v2.13 Sectioning titles
\ttl@box=\box53
\beforetitleunit=\skip91
\aftertitleunit=\skip92
\ttl@plus=\dimen185
\ttl@minus=\dimen186
\ttl@toksa=\toks29
\titlewidth=\dimen187
\titlewidthlast=\dimen188
\titlewidthfirst=\dimen189
) (c:/Users/63168/AppData/Roaming/TinyTeX/texmf-dist/tex/latex/xcolor/xcolor.st
y
Package: xcolor 2016/05/11 v2.12 LaTeX color extensions (UK)

(c:/Users/63168/AppData/Roaming/TinyTeX/texmf-dist/tex/latex/graphics-cfg/color
.cfg
File: color.cfg 2016/01/02 v1.6 sample color configuration
)
Package xcolor Info: Driver file: pdftex.def on input line 225.
LaTeX Info: Redefining \color on input line 709.
Package xcolor Info: Model `cmy' substituted by `cmy0' on input line 1348.
Package xcolor Info: Model `hsb' substituted by `rgb' on input line 1352.
Package xcolor Info: Model `RGB' extended on input line 1364.
Package xcolor Info: Model `HTML' substituted by `rgb' on input line 1366.
Package xcolor Info: Model `Hsb' substituted by `hsb' on input line 1367.
Package xcolor Info: Model `tHsb' substituted by `hsb' on input line 1368.
Package xcolor Info: Model `HSB' substituted by `hsb' on input line 1369.
Package xcolor Info: Model `Gray' substituted by `gray' on input line 1370.
Package xcolor Info: Model `wave' substituted by `hsb' on input line 1371.
)
Package hyperref Info: Option `breaklinks' set `true' on input line 191.
Package hyperref Info: Option `bookmarksopen' set `true' on input line 191.
Package hyperref Info: Option `bookmarksnumbered' set `true' on input line 191.

Package hyperref Info: Option `colorlinks' set `true' on input line 191.

(c:/Users/63168/AppData/Roaming/TinyTeX/texmf-dist/tex/latex/mathtools/mathtool
s.sty
Package: mathtools 2020/01/17 v1.23 mathematical typesetting tools
(c:/Users/63168/AppData/Roaming/TinyTeX/texmf-dist/tex/latex/tools/calc.sty
Package: calc 2017/05/25 v4.3 Infix arithmetic (KKT,FJ)
\calc@Acount=\count409
\calc@Bcount=\count410
\calc@Adimen=\dimen190
\calc@Bdimen=\dimen191
\calc@Askip=\skip93
\calc@Bskip=\skip94
LaTeX Info: Redefining \setlength on input line 80.
LaTeX Info: Redefining \addtolength on input line 81.
\calc@Ccount=\count411
\calc@Cskip=\skip95
)
(c:/Users/63168/AppData/Roaming/TinyTeX/texmf-dist/tex/latex/mathtools/mhsetup.
sty
Package: mhsetup 2017/03/31 v1.3 programming setup (MH)
)
LaTeX Info: Thecontrolsequence`\('isalreadyrobust on input line 129.
LaTeX Info: Thecontrolsequence`\)'isalreadyrobust on input line 129.
LaTeX Info: Thecontrolsequence`\['isalreadyrobust on input line 129.
LaTeX Info: Thecontrolsequence`\]'isalreadyrobust on input line 129.
\g_MT_multlinerow_int=\count412
\l_MT_multwidth_dim=\dimen192
\origjot=\skip96
\l_MT_shortvdotswithinadjustabove_dim=\dimen193
\l_MT_shortvdotswithinadjustbelow_dim=\dimen194
\l_MT_above_intertext_sep=\dimen195
\l_MT_below_intertext_sep=\dimen196
\l_MT_above_shortintertext_sep=\dimen197
\l_MT_below_shortintertext_sep=\dimen198
)
(c:/Users/63168/AppData/Roaming/TinyTeX/texmf-dist/tex/latex/eukdate/eukdate.st
y
Package: eukdate 2009/03/18 v1.04 UK format date (Hart's Rules) with weekday
\c@euk@date=\count413
\c@euk@month=\count414
\c@euk@century=\count415
\c@euk@year=\count416
) (c:/Users/63168/AppData/Roaming/TinyTeX/texmf-dist/tex/latex/xpatch/xpatch.st
y
(c:/Users/63168/AppData/Roaming/TinyTeX/texmf-dist/tex/latex/l3kernel/expl3.sty
Package: expl3 2020-02-25 L3 programming layer (loader) 

(c:/Users/63168/AppData/Roaming/TinyTeX/texmf-dist/tex/latex/l3backend/l3backen
d-pdfmode.def
File: l3backend-pdfmode.def 2020-02-23 L3 backend support: PDF mode
\l__kernel_color_stack_int=\count417
\l__pdf_internal_box=\box54
))
Package: xpatch 2012/10/02 v0.3 Extending etoolbox patching commands

(c:/Users/63168/AppData/Roaming/TinyTeX/texmf-dist/tex/latex/l3packages/xparse/
xparse.sty
Package: xparse 2020-02-25 L3 Experimental document command parser
\l__xparse_current_arg_int=\count418
\g__xparse_grabber_int=\count419
\l__xparse_m_args_int=\count420
\l__xparse_v_nesting_int=\count421
))
(c:/Users/63168/AppData/Roaming/TinyTeX/texmf-dist/tex/latex/setspace/setspace.
sty
Package: setspace 2011/12/19 v6.7a set line spacing
)
\@quotelevel=\count422
\@quotereset=\count423
(./Tutorial8.aux)
\openout1 = `Tutorial8.aux'.

LaTeX Font Info:    Checking defaults for OML/cmm/m/it on input line 321.
LaTeX Font Info:    ... okay on input line 321.
LaTeX Font Info:    Checking defaults for OMS/cmsy/m/n on input line 321.
LaTeX Font Info:    ... okay on input line 321.
LaTeX Font Info:    Checking defaults for OT1/cmr/m/n on input line 321.
LaTeX Font Info:    ... okay on input line 321.
LaTeX Font Info:    Checking defaults for T1/cmr/m/n on input line 321.
LaTeX Font Info:    ... okay on input line 321.
LaTeX Font Info:    Checking defaults for TS1/cmr/m/n on input line 321.
LaTeX Font Info:    ... okay on input line 321.
LaTeX Font Info:    Checking defaults for OMX/cmex/m/n on input line 321.
LaTeX Font Info:    ... okay on input line 321.
LaTeX Font Info:    Checking defaults for U/cmr/m/n on input line 321.
LaTeX Font Info:    ... okay on input line 321.
LaTeX Font Info:    Checking defaults for PD1/pdf/m/n on input line 321.
LaTeX Font Info:    ... okay on input line 321.
LaTeX Font Info:    Checking defaults for PU/pdf/m/n on input line 321.
LaTeX Font Info:    ... okay on input line 321.
LaTeX Font Info:    Checking defaults for MDA/cmr/m/n on input line 321.
LaTeX Font Info:    Trying to load font information for MDA+cmr on input line 3
21.

(c:/Users/63168/AppData/Roaming/TinyTeX/texmf-dist/tex/latex/mathdesign/mdacmr.
fd
File: mdacmr.fd 
)
LaTeX Font Info:    ... okay on input line 321.
LaTeX Font Info:    Checking defaults for MDB/cmr/m/n on input line 321.
LaTeX Font Info:    Trying to load font information for MDB+cmr on input line 3
21.

(c:/Users/63168/AppData/Roaming/TinyTeX/texmf-dist/tex/latex/mathdesign/mdbcmr.
fd
File: mdbcmr.fd 
)
LaTeX Font Info:    ... okay on input line 321.
LaTeX Info: Redefining \microtypecontext on input line 321.
Package microtype Info: Generating PDF output.
Package microtype Info: Character protrusion enabled (level 2).
Package microtype Info: Using protrusion set `basicmath'.
Package microtype Info: Automatic font expansion enabled (level 2),
(microtype)             stretch: 20, shrink: 20, step: 1, non-selected.
Package microtype Info: Using default expansion set `basictext'.
LaTeX Info: Redefining \showhyphens on input line 321.
Package microtype Info: No adjustment of tracking.
Package microtype Info: No adjustment of interword spacing.
Package microtype Info: No adjustment of character kerning.

(c:/Users/63168/AppData/Roaming/TinyTeX/texmf-dist/tex/latex/microtype/mt-bch.c
fg
File: mt-bch.cfg 2007/03/03 v1.5 microtype config. file: Bitstream Charter (RS)

)
\AtBeginShipoutBox=\box55
Package hyperref Info: Link coloring ON on input line 321.

(c:/Users/63168/AppData/Roaming/TinyTeX/texmf-dist/tex/latex/hyperref/nameref.s
ty
Package: nameref 2019/09/16 v2.46 Cross-referencing by name of section

(c:/Users/63168/AppData/Roaming/TinyTeX/texmf-dist/tex/latex/refcount/refcount.
sty
Package: refcount 2019/12/15 v3.6 Data extraction from label references (HO)
)
(c:/Users/63168/AppData/Roaming/TinyTeX/texmf-dist/tex/generic/gettitlestring/g
ettitlestring.sty
Package: gettitlestring 2019/12/15 v1.6 Cleanup title references (HO)
)
\c@section@level=\count424
)
LaTeX Info: Redefining \ref on input line 321.
LaTeX Info: Redefining \pageref on input line 321.
LaTeX Info: Redefining \nameref on input line 321.
(./Tutorial8.out) (./Tutorial8.out)
\@outlinefile=\write5
\openout5 = `Tutorial8.out'.

*geometry* driver: auto-detecting
*geometry* detected driver: pdftex
*geometry* verbose mode - [ preamble ] result:
* driver: pdftex
* paper: a4paper
* layout: <same size as paper>
* layoutoffset:(h,v)=(0.0pt,0.0pt)
* hratio: 1:1
* vratio: 1:1
* modes: 
* h-part:(L,W,R)=(71.1319pt, 455.24408pt, 71.1319pt)
* v-part:(T,H,B)=(81.09035pt, 682.86613pt, 81.09036pt)
* \paperwidth=597.50787pt
* \paperheight=845.04684pt
* \textwidth=455.24408pt
* \textheight=682.86613pt
* \oddsidemargin=-1.13809pt
* \evensidemargin=-1.13809pt
* \topmargin=-28.17964pt
* \headheight=15.0pt
* \headsep=25.0pt
* \topskip=11.0pt
* \footskip=30.0pt
* \marginparwidth=50.0pt
* \marginparsep=10.0pt
* \columnsep=10.0pt
* \skip\footins=10.0pt plus 4.0pt minus 2.0pt
* \hoffset=0.0pt
* \voffset=0.0pt
* \mag=1000
* \@twocolumnfalse
* \@twosidefalse
* \@mparswitchfalse
* \@reversemarginfalse
* (1in=72.27pt=25.4mm, 1cm=28.453pt)

Package biblatex Info: Trying to load language 'english'...
Package biblatex Info: ... file 'english.lbx' found.

(c:/Users/63168/AppData/Roaming/TinyTeX/texmf-dist/tex/latex/biblatex/lbx/engli
sh.lbx
File: english.lbx 2019/12/01 v3.14 biblatex localization (PK/MW)
)
Package biblatex Info: Input encoding 'utf8' detected.
Package biblatex Info: Data encoding 'utf8' specified.
(biblatex)             No need to reencode data.
\openout3 = `Tutorial8.bcf'.

Package biblatex Info: Trying to load bibliographic data...
Package biblatex Info: ... file 'Tutorial8.bbl' found.
(./Tutorial8.bbl)
Package biblatex Info: Reference section=0 on input line 321.
Package biblatex Info: Reference segment=0 on input line 321.

(c:/Users/63168/AppData/Roaming/TinyTeX/texmf-dist/tex/latex/epstopdf-pkg/epsto
pdf-base.sty
Package: epstopdf-base 2020-01-24 v2.11 Base part for package epstopdf
Package epstopdf-base Info: Redefining graphics rule for `.eps' on input line 4
85.

(c:/Users/63168/AppData/Roaming/TinyTeX/texmf-dist/tex/latex/latexconfig/epstop
df-sys.cfg
File: epstopdf-sys.cfg 2010/07/13 v1.3 Configuration of (r)epstopdf for TeX Liv
e
))
Package caption Info: Begin \AtBeginDocument code.
Package caption Info: End \AtBeginDocument code.

Package mathdesign/mdbch Warning: Package 'amssymb' shouldn't be used in conjon
ction with package mdbch, on input line 321.


Package mathdesign/mdbch Warning: Package 'amsfonts' shouldn't be used in conjo
nction with package mdbch, on input line 321.

<logo.jpg, id=4, 4015.0pt x 6022.5pt>
File: logo.jpg Graphic file (type jpg)
<use logo.jpg>
Package pdftex.def Info: logo.jpg  used on input line 322.
(pdftex.def)             Requested size: 170.71652pt x 256.02179pt.
LaTeX Font Info:    Font shape `T1/fvs/m/n' will be
(Font)              scaled to size 9.24173pt on input line 322.
Package microtype Info: Loading generic protrusion settings for font family
(microtype)             `fvs' (encoding: T1).
(microtype)             For optimal results, create family-specific settings.
(microtype)             See the microtype manual for details.
LaTeX Font Info:    Font shape `T1/fvs/m/n' will be
(Font)              scaled to size 10.12793pt on input line 322.
LaTeX Font Info:    Font shape `T1/fvs/b/n' will be
(Font)              scaled to size 10.12793pt on input line 322.
LaTeX Font Info:    Font shape `T1/fvs/m/n' will be
(Font)              scaled to size 8.43994pt on input line 322.
LaTeX Font Info:    Trying to load font information for OT1+mdbch on input line
 322.

(c:/Users/63168/AppData/Roaming/TinyTeX/texmf-dist/tex/latex/mathdesign/mdbch/o
t1mdbch.fd
File: ot1mdbch.fd 2013/08/29 Fontinst v1.933 font definitions for OT1/mdbch.
)
LaTeX Font Info:    Font shape `OT1/mdbch/m/n' will be
(Font)              scaled to size 9.60007pt on input line 322.
LaTeX Font Info:    Font shape `OT1/mdbch/m/n' will be
(Font)              scaled to size 6.72005pt on input line 322.
LaTeX Font Info:    Font shape `OT1/mdbch/m/n' will be
(Font)              scaled to size 4.80003pt on input line 322.
LaTeX Font Info:    Trying to load font information for OML+mdbch on input line
 322.

(c:/Users/63168/AppData/Roaming/TinyTeX/texmf-dist/tex/latex/mathdesign/mdbch/o
mlmdbch.fd
File: omlmdbch.fd 2013/08/29 Fontinst v1.933 font definitions for OML/mdbch.
)
LaTeX Font Info:    Font shape `OML/mdbch/m/it' will be
(Font)              scaled to size 9.60007pt on input line 322.

Package microtype Warning: I cannot find a protrusion list for font
(microtype)                `OML/mdbch/m/it/10'. Switching off
(microtype)                protrusion for this font on input line 322.

LaTeX Font Info:    Font shape `OML/mdbch/m/it' will be
(Font)              scaled to size 6.72005pt on input line 322.
LaTeX Font Info:    Font shape `OML/mdbch/m/it' will be
(Font)              scaled to size 4.80003pt on input line 322.
LaTeX Font Info:    Trying to load font information for OMS+mdbch on input line
 322.

(c:/Users/63168/AppData/Roaming/TinyTeX/texmf-dist/tex/latex/mathdesign/mdbch/o
msmdbch.fd
File: omsmdbch.fd 2013/08/29 Fontinst v1.933 font definitions for OMS/mdbch.
)
LaTeX Font Info:    Font shape `OMS/mdbch/m/n' will be
(Font)              scaled to size 9.60007pt on input line 322.

Package microtype Warning: I cannot find a protrusion list for font
(microtype)                `OMS/mdbch/m/n/10'. Switching off
(microtype)                protrusion for this font on input line 322.

LaTeX Font Info:    Font shape `OMS/mdbch/m/n' will be
(Font)              scaled to size 6.72005pt on input line 322.
LaTeX Font Info:    Font shape `OMS/mdbch/m/n' will be
(Font)              scaled to size 4.80003pt on input line 322.
LaTeX Font Info:    Trying to load font information for OMX+mdbch on input line
 322.

(c:/Users/63168/AppData/Roaming/TinyTeX/texmf-dist/tex/latex/mathdesign/mdbch/o
mxmdbch.fd
File: omxmdbch.fd 2013/08/29 Fontinst v1.933 font definitions for OMX/mdbch.
)
LaTeX Font Info:    Font shape `OMX/mdbch/m/n' will be
(Font)              scaled to size 9.60007pt on input line 322.
LaTeX Font Info:    Font shape `OMX/mdbch/m/n' will be
(Font)              scaled to size 6.72005pt on input line 322.
LaTeX Font Info:    Font shape `OMX/mdbch/m/n' will be
(Font)              scaled to size 4.80003pt on input line 322.
LaTeX Font Info:    Trying to load font information for U+msa on input line 322
.
(c:/Users/63168/AppData/Roaming/TinyTeX/texmf-dist/tex/latex/amsfonts/umsa.fd
File: umsa.fd 2013/01/14 v3.01 AMS symbols A
)
(c:/Users/63168/AppData/Roaming/TinyTeX/texmf-dist/tex/latex/microtype/mt-msa.c
fg
File: mt-msa.cfg 2006/02/04 v1.1 microtype config. file: AMS symbols (a) (RS)
)
LaTeX Font Info:    Trying to load font information for U+msb on input line 322
.
(c:/Users/63168/AppData/Roaming/TinyTeX/texmf-dist/tex/latex/amsfonts/umsb.fd
File: umsb.fd 2013/01/14 v3.01 AMS symbols B
)
(c:/Users/63168/AppData/Roaming/TinyTeX/texmf-dist/tex/latex/microtype/mt-msb.c
fg
File: mt-msb.cfg 2005/06/01 v1.0 microtype config. file: AMS symbols (b) (RS)
)
LaTeX Font Info:    Font shape `OML/mdbch/m/n' will be
(Font)              scaled to size 9.60007pt on input line 322.

Package microtype Warning: I cannot find a protrusion list for font
(microtype)                `OML/mdbch/m/n/10'. Switching off
(microtype)                protrusion for this font on input line 322.

LaTeX Font Info:    Font shape `OML/mdbch/m/n' will be
(Font)              scaled to size 6.72005pt on input line 322.
LaTeX Font Info:    Font shape `OML/mdbch/m/n' will be
(Font)              scaled to size 4.80003pt on input line 322.
LaTeX Font Info:    Trying to load font information for MDA+mdbch on input line
 322.

(c:/Users/63168/AppData/Roaming/TinyTeX/texmf-dist/tex/latex/mathdesign/mdbch/m
damdbch.fd
File: mdamdbch.fd 2013/08/29 Fontinst v1.933 font definitions for MDA/mdbch.
)
LaTeX Font Info:    Font shape `MDA/mdbch/m/n' will be
(Font)              scaled to size 9.60007pt on input line 322.
LaTeX Font Info:    Font shape `MDA/mdbch/m/n' will be
(Font)              scaled to size 6.72005pt on input line 322.
LaTeX Font Info:    Font shape `MDA/mdbch/m/n' will be
(Font)              scaled to size 4.80003pt on input line 322.
LaTeX Font Info:    Trying to load font information for MDB+mdbch on input line
 322.

(c:/Users/63168/AppData/Roaming/TinyTeX/texmf-dist/tex/latex/mathdesign/mdbch/m
dbmdbch.fd
File: mdbmdbch.fd 2013/08/29 Fontinst v1.933 font definitions for MDB/mdbch.
)
LaTeX Font Info:    Font shape `MDB/mdbch/m/n' will be
(Font)              scaled to size 9.60007pt on input line 322.
LaTeX Font Info:    Font shape `MDB/mdbch/m/n' will be
(Font)              scaled to size 6.72005pt on input line 322.
LaTeX Font Info:    Font shape `MDB/mdbch/m/n' will be
(Font)              scaled to size 4.80003pt on input line 322.
LaTeX Font Info:    Font shape `OT1/mdbch/b/n' will be
(Font)              scaled to size 9.60007pt on input line 322.
LaTeX Font Info:    Font shape `OT1/mdbch/b/n' will be
(Font)              scaled to size 6.72005pt on input line 322.
LaTeX Font Info:    Font shape `OT1/mdbch/b/n' will be
(Font)              scaled to size 4.80003pt on input line 322.
LaTeX Font Info:    Font shape `OML/mdbch/b/it' will be
(Font)              scaled to size 9.60007pt on input line 322.
LaTeX Font Info:    Font shape `OML/mdbch/b/it' will be
(Font)              scaled to size 6.72005pt on input line 322.
LaTeX Font Info:    Font shape `OML/mdbch/b/it' will be
(Font)              scaled to size 4.80003pt on input line 322.
LaTeX Font Info:    Font shape `OMS/mdbch/b/n' will be
(Font)              scaled to size 9.60007pt on input line 322.
LaTeX Font Info:    Font shape `OMS/mdbch/b/n' will be
(Font)              scaled to size 6.72005pt on input line 322.
LaTeX Font Info:    Font shape `OMS/mdbch/b/n' will be
(Font)              scaled to size 4.80003pt on input line 322.
LaTeX Font Info:    Font shape `OMX/mdbch/b/n' will be
(Font)              scaled to size 9.60007pt on input line 322.
LaTeX Font Info:    Font shape `OMX/mdbch/b/n' will be
(Font)              scaled to size 6.72005pt on input line 322.
LaTeX Font Info:    Font shape `OMX/mdbch/b/n' will be
(Font)              scaled to size 4.80003pt on input line 322.
LaTeX Font Info:    Trying to load font information for U+fontawesometwo on inp
ut line 322.

(c:/Users/63168/AppData/Roaming/TinyTeX/texmf-dist/tex/latex/fontawesome/ufonta
wesometwo.fd
File: ufontawesometwo.fd 2016/05/22 Font definitions for U/fontawesometwo.
)
LaTeX Font Info:    Font shape `OT1/mdbch/m/n' will be
(Font)              scaled to size 10.51207pt on input line 322.
LaTeX Font Info:    Font shape `OT1/mdbch/m/n' will be
(Font)              scaled to size 7.68005pt on input line 322.
LaTeX Font Info:    Font shape `OT1/mdbch/m/n' will be
(Font)              scaled to size 5.76004pt on input line 322.
LaTeX Font Info:    Font shape `OML/mdbch/m/it' will be
(Font)              scaled to size 10.51207pt on input line 322.

Package microtype Warning: I cannot find a protrusion list for font
(microtype)                `OML/mdbch/m/it/10.95'. Switching off
(microtype)                protrusion for this font on input line 322.

LaTeX Font Info:    Font shape `OML/mdbch/m/it' will be
(Font)              scaled to size 7.68005pt on input line 322.
LaTeX Font Info:    Font shape `OML/mdbch/m/it' will be
(Font)              scaled to size 5.76004pt on input line 322.
LaTeX Font Info:    Font shape `OMS/mdbch/m/n' will be
(Font)              scaled to size 10.51207pt on input line 322.

Package microtype Warning: I cannot find a protrusion list for font
(microtype)                `OMS/mdbch/m/n/10.95'. Switching off
(microtype)                protrusion for this font on input line 322.

LaTeX Font Info:    Font shape `OMS/mdbch/m/n' will be
(Font)              scaled to size 7.68005pt on input line 322.
LaTeX Font Info:    Font shape `OMS/mdbch/m/n' will be
(Font)              scaled to size 5.76004pt on input line 322.
LaTeX Font Info:    Font shape `OMX/mdbch/m/n' will be
(Font)              scaled to size 10.51207pt on input line 322.
LaTeX Font Info:    Font shape `OMX/mdbch/m/n' will be
(Font)              scaled to size 7.68005pt on input line 322.
LaTeX Font Info:    Font shape `OMX/mdbch/m/n' will be
(Font)              scaled to size 5.76004pt on input line 322.
LaTeX Font Info:    Font shape `OML/mdbch/m/n' will be
(Font)              scaled to size 10.51207pt on input line 322.

Package microtype Warning: I cannot find a protrusion list for font
(microtype)                `OML/mdbch/m/n/10.95'. Switching off
(microtype)                protrusion for this font on input line 322.

LaTeX Font Info:    Font shape `OML/mdbch/m/n' will be
(Font)              scaled to size 7.68005pt on input line 322.
LaTeX Font Info:    Font shape `OML/mdbch/m/n' will be
(Font)              scaled to size 5.76004pt on input line 322.
LaTeX Font Info:    Font shape `MDA/mdbch/m/n' will be
(Font)              scaled to size 10.51207pt on input line 322.
LaTeX Font Info:    Font shape `MDA/mdbch/m/n' will be
(Font)              scaled to size 7.68005pt on input line 322.
LaTeX Font Info:    Font shape `MDA/mdbch/m/n' will be
(Font)              scaled to size 5.76004pt on input line 322.
LaTeX Font Info:    Font shape `MDB/mdbch/m/n' will be
(Font)              scaled to size 10.51207pt on input line 322.
LaTeX Font Info:    Font shape `MDB/mdbch/m/n' will be
(Font)              scaled to size 7.68005pt on input line 322.
LaTeX Font Info:    Font shape `MDB/mdbch/m/n' will be
(Font)              scaled to size 5.76004pt on input line 322.
LaTeX Font Info:    Font shape `OT1/mdbch/b/n' will be
(Font)              scaled to size 10.51207pt on input line 322.
LaTeX Font Info:    Font shape `OT1/mdbch/b/n' will be
(Font)              scaled to size 7.68005pt on input line 322.
LaTeX Font Info:    Font shape `OT1/mdbch/b/n' will be
(Font)              scaled to size 5.76004pt on input line 322.
LaTeX Font Info:    Font shape `OML/mdbch/b/it' will be
(Font)              scaled to size 10.51207pt on input line 322.
LaTeX Font Info:    Font shape `OML/mdbch/b/it' will be
(Font)              scaled to size 7.68005pt on input line 322.
LaTeX Font Info:    Font shape `OML/mdbch/b/it' will be
(Font)              scaled to size 5.76004pt on input line 322.
LaTeX Font Info:    Font shape `OMS/mdbch/b/n' will be
(Font)              scaled to size 10.51207pt on input line 322.
LaTeX Font Info:    Font shape `OMS/mdbch/b/n' will be
(Font)              scaled to size 7.68005pt on input line 322.
LaTeX Font Info:    Font shape `OMS/mdbch/b/n' will be
(Font)              scaled to size 5.76004pt on input line 322.
LaTeX Font Info:    Font shape `OMX/mdbch/b/n' will be
(Font)              scaled to size 10.51207pt on input line 322.
LaTeX Font Info:    Font shape `OMX/mdbch/b/n' will be
(Font)              scaled to size 7.68005pt on input line 322.
LaTeX Font Info:    Font shape `OMX/mdbch/b/n' will be
(Font)              scaled to size 5.76004pt on input line 322.
LaTeX Font Info:    Font shape `T1/mdbch/m/n' will be
(Font)              scaled to size 23.88496pt on input line 322.
LaTeX Font Info:    Font shape `T1/fvs/m/n' will be
(Font)              scaled to size 20.99857pt on input line 322.
LaTeX Font Info:    Font shape `T1/fvs/b/n' will be
(Font)              scaled to size 20.99857pt on input line 322.
LaTeX Font Info:    Font shape `T1/mdbch/m/n' will be
(Font)              scaled to size 11.52008pt on input line 322.
LaTeX Font Info:    Font shape `T1/fvs/m/n' will be
(Font)              scaled to size 12.1535pt on input line 322.
LaTeX Font Info:    Font shape `T1/fvs/b/n' will be
(Font)              scaled to size 12.1535pt on input line 322.
LaTeX Font Info:    Font shape `T1/mdbch/m/n' will be
(Font)              scaled to size 13.82408pt on input line 322.

Overfull \hbox (172.68228pt too wide) detected at line 322
[] 
 []


Overfull \hbox (56.23262pt too wide) detected at line 322
 [] |  [] []
 []

[1

{c:/Users/63168/AppData/Roaming/TinyTeX/texmf-var/fonts/map/pdftex/updmap/pdfte
x.map} <./logo.jpg>]

Package xcolor Warning: Incompatible color definition on input line 328.

LaTeX Font Info:    Font shape `T1/fvm/m/n' will be
(Font)              scaled to size 9.24173pt on input line 329.
LaTeX Font Info:    Font shape `T1/fvm/b/n' will be
(Font)              scaled to size 9.24173pt on input line 330.

Package xcolor Warning: Incompatible color definition on input line 332.


Package xcolor Warning: Incompatible color definition on input line 332.


Package xcolor Warning: Incompatible color definition on input line 334.


Package xcolor Warning: Incompatible color definition on input line 343.


Package xcolor Warning: Incompatible color definition on input line 343.

LaTeX Font Info:    Font shape `T1/mdbch/b/n' will be
(Font)              scaled to size 10.51207pt on input line 347.
LaTeX Font Info:    Font shape `T1/mdbch/m/it' will be
(Font)              scaled to size 10.51207pt on input line 347.

Overfull \hbox (134.67146pt too wide) in paragraph at lines 349--366
 [][] 
 []


Package xcolor Warning: Incompatible color definition on input line 370.


Package xcolor Warning: Incompatible color definition on input line 375.


Package xcolor Warning: Incompatible color definition on input line 375.


LaTeX Warning: Empty bibliography on input line 379.


Package caption Warning: Unused \captionsetup[figure] on input line 100.
See the caption package documentation for explanation.

Package atveryend Info: Empty hook `BeforeClearDocument' on input line 381.
[2]
Package atveryend Info: Empty hook `AfterLastShipout' on input line 381.
(./Tutorial8.aux)
Package atveryend Info: Executing hook `AtVeryEndDocument' on input line 381.
Package atveryend Info: Executing hook `AtEndAfterFileList' on input line 381.
Package rerunfilecheck Info: File `Tutorial8.out' has not changed.
(rerunfilecheck)             Checksum: D41D8CD98F00B204E9800998ECF8427E;0.
Package logreq Info: Writing requests to 'Tutorial8.run.xml'.
\openout1 = `Tutorial8.run.xml'.

Package atveryend Info: Empty hook `AtVeryVeryEnd' on input line 381.
 ) 
Here is how much of TeX's memory you used:
 25054 strings out of 482913
 415984 string characters out of 5957673
 1076943 words of memory out of 5000000
 39858 multiletter control sequences out of 15000+600000
 626160 words of font info for 166 fonts, out of 8000000 for 9000
 14 hyphenation exceptions out of 8191
 45i,13n,90p,945b,792s stack positions out of 5000i,500n,10000p,200000b,80000s
{c:/Users/63168/AppData/Roaming/TinyTeX/texmf-dist/fonts/enc/dvips/base/8r.en
c}{c:/Users/63168/AppData/Roaming/TinyTeX/texmf-dist/fonts/enc/dvips/ly1/texnan
si.enc}{c:/Users/63168/AppData/Roaming/TinyTeX/texmf-dist/fonts/enc/dvips/fonta
wesome/fontawesometwo.enc}<c:/Users/63168/AppData/Roaming/TinyTeX/texmf-dist/fo
nts/type1/public/fontawesome/FontAwesome.pfb><c:/Users/63168/AppData/Roaming/Ti
nyTeX/texmf-dist/fonts/type1/bitstrea/charter/bchb8a.pfb><c:/Users/63168/AppDat
a/Roaming/TinyTeX/texmf-dist/fonts/type1/bitstrea/charter/bchr8a.pfb><c:/Users/
63168/AppData/Roaming/TinyTeX/texmf-dist/fonts/type1/bitstrea/charter/bchri8a.p
fb><c:/Users/63168/AppData/Roaming/TinyTeX/texmf-dist/fonts/type1/public/bera/f
vmb8a.pfb><c:/Users/63168/AppData/Roaming/TinyTeX/texmf-dist/fonts/type1/public
/bera/fvmr8a.pfb><c:/Users/63168/AppData/Roaming/TinyTeX/texmf-dist/fonts/type1
/public/bera/fvsb8a.pfb><c:/Users/63168/AppData/Roaming/TinyTeX/texmf-dist/font
s/type1/public/bera/fvsr8a.pfb><c:/Users/63168/AppData/Roaming/TinyTeX/texmf-di
st/fonts/type1/public/mathdesign/mdbch/md-chr8t.pfb>
Output written on Tutorial8.pdf (2 pages, 7506239 bytes).
PDF statistics:
 59 PDF objects out of 1000 (max. 8388607)
 44 compressed objects within 1 object stream
 4 named destinations out of 1000 (max. 500000)
 30726 words of extra memory for PDF output out of 35830 (max. 10000000)

